
destructella

A T A A T A G A G T A T 
| | | | | | | | | | | | 
C T T G T G A A G T T A 

A T T A T A G A G T A T 
| | | | | | | | | | | | 
C T T G T G A A G T T A 


amazonesis

C T T A T A G A G T G G T C A T 
| | | | | | | | | | | | | | | | 
A G T G T G G T C A A A G T T A 

A T A G T A G A G T A G T C A T 
| | | | | | | | | | | | | | | | 
A A T T A G A T C T A C G T T A 

A A T T A G G T C T A C G T T A 
| | | | | | | | | | | | | | | | 
C T T A T A G A G T G G T C A T 


reproduce: mismatch species


U C A U C A 

C A U C A A G A G T G G T C A U 
| | | | | | | | | | | | | | | | 
A G T G T G G T C A A A G T T A 

A A T T U C A U C A A C G T T A 
| | | | | | | | | | | | | | | | 
C T T A T A G A G T G G T C A T 


Test sample 1: 1
Test sample 2: 0
Test sample 3: 1



/*
C T T A T A G A G T G G T C A T 
| | | | | | | | | | | | | | | | 
A G T G T G G T C A A A G T T A 

A A T T A G G T C T A C G T T A 
| | | | | | | | | | | | | | | | 
A T A G T A G A G T A G T C A T 
*/
